[debug] [2025-01-03T03:42:07.870Z] ----------------------------------------------------------------------
[debug] [2025-01-03T03:42:07.872Z] Command:       C:\Program Files\nodejs\node.exe C:\Users\PC\AppData\Roaming\npm\node_modules\firebase-tools\lib\bin\firebase.js init
[debug] [2025-01-03T03:42:07.873Z] CLI Version:   11.27.0
[debug] [2025-01-03T03:42:07.873Z] Platform:      win32
[debug] [2025-01-03T03:42:07.873Z] Node Version:  v20.11.0
[debug] [2025-01-03T03:42:07.873Z] Time:          Thu Jan 02 2025 22:42:07 GMT-0500 (hora estándar de Colombia)
[debug] [2025-01-03T03:42:07.873Z] ----------------------------------------------------------------------
[debug] 
[debug] [2025-01-03T03:42:07.879Z] > command requires scopes: ["email","openid","https://www.googleapis.com/auth/cloudplatformprojects.readonly","https://www.googleapis.com/auth/firebase","https://www.googleapis.com/auth/cloud-platform"]
[debug] [2025-01-03T03:42:07.879Z] > authorizing via signed-in user (brayansmithpuente@gmail.com)
[info] 
     ######## #### ########  ######## ########     ###     ######  ########
     ##        ##  ##     ## ##       ##     ##  ##   ##  ##       ##
     ######    ##  ########  ######   ########  #########  ######  ######
     ##        ##  ##    ##  ##       ##     ## ##     ##       ## ##
     ##       #### ##     ## ######## ########  ##     ##  ######  ########

You're about to initialize a Firebase project in this directory:

  C:\Users\PC\Documents\Portafolio\porfolio

[info] 
=== Project Setup
[info] 
[info] First, let's associate this project directory with a Firebase project.
[info] You can create multiple project aliases by running firebase use --add, 
[info] but for now we'll just set up a default project.
[info] 
[debug] [2025-01-03T03:42:20.190Z] >>> [apiv2][query] GET https://firebase.googleapis.com/v1beta1/projects pageSize=100
[debug] [2025-01-03T03:42:20.716Z] <<< [apiv2][status] GET https://firebase.googleapis.com/v1beta1/projects 200
[debug] [2025-01-03T03:42:20.717Z] <<< [apiv2][body] GET https://firebase.googleapis.com/v1beta1/projects [omitted]
[info] i  Using project brayanpuentesr (brayanpuentesr) 
[info] 
=== Hosting Setup
[debug] [2025-01-03T03:42:27.720Z] TypeError: openConfig is not a function
    at getConfig (C:\Users\PC\AppData\Roaming\npm\node_modules\firebase-tools\lib\frameworks\astro\utils.js:14:43)
    at async discover (C:\Users\PC\AppData\Roaming\npm\node_modules\firebase-tools\lib\frameworks\astro\index.js:23:52)
    at async discover (C:\Users\PC\AppData\Roaming\npm\node_modules\firebase-tools\lib\frameworks\index.js:85:32)
    at async doSetup (C:\Users\PC\AppData\Roaming\npm\node_modules\firebase-tools\lib\init\features\hosting\index.js:21:11)
    at async init (C:\Users\PC\AppData\Roaming\npm\node_modules\firebase-tools\lib\init\index.js:36:9)
[error] 
[error] Error: An unexpected error has occurred.
